PRT1
64
134
4 0 17 (0 256 320 ) (0 320 320 ) (0 320 64 ) (0 256 64 ) 
4 0 1 (0 256 64 ) (384 256 64 ) (384 256 320 ) (0 256 320 ) 
4 1 18 (0 240 320 ) (0 256 320 ) (0 256 64 ) (0 240 64 ) 
4 1 2 (0 240 64 ) (384 240 64 ) (384 240 320 ) (0 240 320 ) 
4 2 19 (0 144 320 ) (0 240 320 ) (0 240 64 ) (0 144 64 ) 
4 2 6 (48 144 64 ) (144 144 64 ) (144 144 320 ) (48 144 320 ) 
4 2 5 (144 144 64 ) (240 144 64 ) (240 144 320 ) (144 144 320 ) 
4 2 7 (0 144 64 ) (48 144 64 ) (48 144 320 ) (0 144 320 ) 
4 2 4 (240 144 64 ) (336 144 64 ) (336 144 320 ) (240 144 320 ) 
4 2 3 (336 144 64 ) (384 144 64 ) (384 144 320 ) (336 144 320 ) 
4 3 8 (336 128 64 ) (384 128 64 ) (384 128 320 ) (336 128 320 ) 
4 3 4 (336 144 320 ) (336 144 64 ) (336 128 64 ) (336 128 320 ) 
4 4 11 (240 128 64 ) (256 128 64 ) (256 128 320 ) (240 128 320 ) 
4 4 9 (320 128 64 ) (336 128 64 ) (336 128 320 ) (320 128 320 ) 
4 4 10 (256 128 64 ) (320 128 64 ) (320 128 320 ) (256 128 320 ) 
4 4 5 (240 144 320 ) (240 144 64 ) (240 128 64 ) (240 128 320 ) 
4 5 12 (144 128 64 ) (240 128 64 ) (240 128 320 ) (144 128 320 ) 
4 5 6 (144 144 320 ) (144 144 64 ) (144 128 64 ) (144 128 320 ) 
4 6 15 (48 128 64 ) (64 128 64 ) (64 128 320 ) (48 128 320 ) 
4 6 14 (64 128 64 ) (128 128 64 ) (128 128 320 ) (64 128 320 ) 
4 6 13 (128 128 64 ) (144 128 64 ) (144 128 320 ) (128 128 320 ) 
4 6 7 (48 144 320 ) (48 144 64 ) (48 128 64 ) (48 128 320 ) 
4 7 20 (0 128 320 ) (0 144 320 ) (0 144 64 ) (0 128 64 ) 
4 7 16 (0 128 64 ) (48 128 64 ) (48 128 320 ) (0 128 320 ) 
4 8 34 (384 0 320 ) (336 0 320 ) (336 0 64 ) (384 0 64 ) 
4 8 9 (336 128 320 ) (336 128 64 ) (336 0 64 ) (336 0 320 ) 
4 9 35 (336 0 320 ) (320 0 320 ) (320 0 64 ) (336 0 64 ) 
4 9 10 (320 128 320 ) (320 128 64 ) (320 0 64 ) (320 0 320 ) 
4 10 36 (320 0 320 ) (256 0 320 ) (256 0 64 ) (320 0 64 ) 
4 10 11 (256 128 320 ) (256 128 64 ) (256 0 64 ) (256 0 320 ) 
4 11 37 (256 0 320 ) (240 0 320 ) (240 0 64 ) (256 0 64 ) 
4 11 12 (240 128 320 ) (240 128 64 ) (240 0 64 ) (240 0 320 ) 
4 12 38 (240 0 320 ) (144 0 320 ) (144 0 64 ) (240 0 64 ) 
4 12 13 (144 128 320 ) (144 128 64 ) (144 0 64 ) (144 0 320 ) 
4 13 39 (144 0 320 ) (128 0 320 ) (128 0 64 ) (144 0 64 ) 
4 13 14 (128 128 320 ) (128 128 64 ) (128 0 64 ) (128 0 320 ) 
4 14 40 (128 0 320 ) (64 0 320 ) (64 0 64 ) (128 0 64 ) 
4 14 15 (64 128 320 ) (64 128 64 ) (64 0 64 ) (64 0 320 ) 
4 15 41 (64 0 320 ) (48 0 320 ) (48 0 64 ) (64 0 64 ) 
4 15 16 (48 128 320 ) (48 128 64 ) (48 0 64 ) (48 0 320 ) 
4 16 42 (48 0 320 ) (0 0 320 ) (0 0 64 ) (48 0 64 ) 
4 16 25 (0 0 64 ) (0 0 320 ) (0 128 320 ) (0 128 64 ) 
4 17 18 (-384 256 320 ) (-384 256 64 ) (0 256 64 ) (0 256 320 ) 
4 18 19 (-384 240 320 ) (-384 240 64 ) (0 240 64 ) (0 240 320 ) 
4 19 23 (-336 144 64 ) (-240 144 64 ) (-240 144 320 ) (-336 144 320 ) 
4 19 22 (-240 144 64 ) (-144 144 64 ) (-144 144 320 ) (-240 144 320 ) 
4 19 24 (-384 144 320 ) (-384 144 64 ) (-336 144 64 ) (-336 144 320 ) 
4 19 21 (-144 144 64 ) (-48 144 64 ) (-48 144 320 ) (-144 144 320 ) 
4 19 20 (-48 144 64 ) (0 144 64 ) (0 144 320 ) (-48 144 320 ) 
4 20 25 (-48 128 64 ) (0 128 64 ) (0 128 320 ) (-48 128 320 ) 
4 20 21 (-48 144 320 ) (-48 144 64 ) (-48 128 64 ) (-48 128 320 ) 
4 21 28 (-144 128 64 ) (-128 128 64 ) (-128 128 320 ) (-144 128 320 ) 
4 21 27 (-128 128 64 ) (-64 128 64 ) (-64 128 320 ) (-128 128 320 ) 
4 21 26 (-64 128 64 ) (-48 128 64 ) (-48 128 320 ) (-64 128 320 ) 
4 21 22 (-144 144 320 ) (-144 144 64 ) (-144 128 64 ) (-144 128 320 ) 
4 22 29 (-240 128 64 ) (-144 128 64 ) (-144 128 320 ) (-240 128 320 ) 
4 22 23 (-240 144 320 ) (-240 144 64 ) (-240 128 64 ) (-240 128 320 ) 
4 23 32 (-336 128 64 ) (-320 128 64 ) (-320 128 320 ) (-336 128 320 ) 
4 23 31 (-320 128 64 ) (-256 128 64 ) (-256 128 320 ) (-320 128 320 ) 
4 23 30 (-256 128 64 ) (-240 128 64 ) (-240 128 320 ) (-256 128 320 ) 
4 23 24 (-336 144 320 ) (-336 144 64 ) (-336 128 64 ) (-336 128 320 ) 
4 24 33 (-384 128 64 ) (-336 128 64 ) (-336 128 320 ) (-384 128 320 ) 
4 25 49 (0 0 64 ) (0 0 320 ) (-48 0 320 ) (-48 0 64 ) 
4 25 26 (-48 128 320 ) (-48 128 64 ) (-48 0 64 ) (-48 0 320 ) 
4 26 50 (-48 0 320 ) (-64 0 320 ) (-64 0 64 ) (-48 0 64 ) 
4 26 27 (-64 128 320 ) (-64 128 64 ) (-64 0 64 ) (-64 0 320 ) 
4 27 51 (-64 0 320 ) (-128 0 320 ) (-128 0 64 ) (-64 0 64 ) 
4 27 28 (-128 128 320 ) (-128 128 64 ) (-128 0 64 ) (-128 0 320 ) 
4 28 52 (-128 0 320 ) (-144 0 320 ) (-144 0 64 ) (-128 0 64 ) 
4 28 29 (-144 128 320 ) (-144 128 64 ) (-144 0 64 ) (-144 0 320 ) 
4 29 53 (-144 0 320 ) (-240 0 320 ) (-240 0 64 ) (-144 0 64 ) 
4 29 30 (-240 128 320 ) (-240 128 64 ) (-240 0 64 ) (-240 0 320 ) 
4 30 54 (-240 0 320 ) (-256 0 320 ) (-256 0 64 ) (-240 0 64 ) 
4 30 31 (-256 128 320 ) (-256 128 64 ) (-256 0 64 ) (-256 0 320 ) 
4 31 55 (-256 0 320 ) (-320 0 320 ) (-320 0 64 ) (-256 0 64 ) 
4 31 32 (-320 128 320 ) (-320 128 64 ) (-320 0 64 ) (-320 0 320 ) 
4 32 56 (-320 0 320 ) (-336 0 320 ) (-336 0 64 ) (-320 0 64 ) 
4 32 33 (-336 128 320 ) (-336 128 64 ) (-336 0 64 ) (-336 0 320 ) 
4 33 57 (-336 0 320 ) (-384 0 320 ) (-384 0 64 ) (-336 0 64 ) 
4 34 43 (336 -128 64 ) (384 -128 64 ) (384 -128 320 ) (336 -128 320 ) 
4 34 35 (336 0 64 ) (336 -128 64 ) (336 -128 320 ) (336 0 320 ) 
4 35 44 (320 -128 64 ) (336 -128 64 ) (336 -128 320 ) (320 -128 320 ) 
4 35 36 (320 0 64 ) (320 -128 64 ) (320 -128 320 ) (320 0 320 ) 
4 36 44 (256 -128 64 ) (320 -128 64 ) (320 -128 320 ) (256 -128 320 ) 
4 36 37 (256 0 64 ) (256 -128 64 ) (256 -128 320 ) (256 0 320 ) 
4 37 44 (240 -128 64 ) (256 -128 64 ) (256 -128 320 ) (240 -128 320 ) 
4 37 38 (240 0 64 ) (240 -128 64 ) (240 -128 320 ) (240 0 320 ) 
4 38 45 (144 -128 64 ) (240 -128 64 ) (240 -128 320 ) (144 -128 320 ) 
4 38 39 (144 0 64 ) (144 -128 64 ) (144 -128 320 ) (144 0 320 ) 
4 39 46 (128 -128 64 ) (144 -128 64 ) (144 -128 320 ) (128 -128 320 ) 
4 39 40 (128 0 64 ) (128 -128 64 ) (128 -128 320 ) (128 0 320 ) 
4 40 46 (64 -128 64 ) (128 -128 64 ) (128 -128 320 ) (64 -128 320 ) 
4 40 41 (64 0 64 ) (64 -128 64 ) (64 -128 320 ) (64 0 320 ) 
4 41 46 (48 -128 64 ) (64 -128 64 ) (64 -128 320 ) (48 -128 320 ) 
4 41 42 (48 0 64 ) (48 -128 64 ) (48 -128 320 ) (48 0 320 ) 
4 42 49 (0 0 320 ) (0 0 64 ) (0 -128 64 ) (0 -128 320 ) 
4 42 47 (0 -128 64 ) (48 -128 64 ) (48 -128 320 ) (0 -128 320 ) 
4 43 48 (336 -144 64 ) (384 -144 64 ) (384 -144 320 ) (336 -144 320 ) 
4 43 44 (336 -128 320 ) (336 -128 64 ) (336 -144 64 ) (336 -144 320 ) 
4 44 45 (240 -128 320 ) (240 -128 64 ) (240 -144 64 ) (240 -144 320 ) 
4 44 48 (240 -144 64 ) (336 -144 64 ) (336 -144 320 ) (240 -144 320 ) 
4 45 46 (144 -128 320 ) (144 -128 64 ) (144 -144 64 ) (144 -144 320 ) 
4 45 48 (144 -144 64 ) (240 -144 64 ) (240 -144 320 ) (144 -144 320 ) 
4 46 48 (48 -144 64 ) (144 -144 64 ) (144 -144 320 ) (48 -144 320 ) 
4 46 47 (48 -128 320 ) (48 -128 64 ) (48 -144 64 ) (48 -144 320 ) 
4 47 58 (0 -128 64 ) (0 -144 64 ) (0 -144 320 ) (0 -128 320 ) 
4 47 48 (0 -144 64 ) (48 -144 64 ) (48 -144 320 ) (0 -144 320 ) 
4 48 63 (0 -144 64 ) (0 -320 64 ) (0 -320 320 ) (0 -144 320 ) 
4 49 58 (-48 -128 64 ) (0 -128 64 ) (0 -128 320 ) (-48 -128 320 ) 
4 49 50 (-48 0 64 ) (-48 -128 64 ) (-48 -128 320 ) (-48 0 320 ) 
4 50 59 (-64 -128 64 ) (-48 -128 64 ) (-48 -128 320 ) (-64 -128 320 ) 
4 50 51 (-64 0 64 ) (-64 -128 64 ) (-64 -128 320 ) (-64 0 320 ) 
4 51 59 (-128 -128 64 ) (-64 -128 64 ) (-64 -128 320 ) (-128 -128 320 ) 
4 51 52 (-128 0 64 ) (-128 -128 64 ) (-128 -128 320 ) (-128 0 320 ) 
4 52 59 (-144 -128 64 ) (-128 -128 64 ) (-128 -128 320 ) (-144 -128 320 ) 
4 52 53 (-144 0 64 ) (-144 -128 64 ) (-144 -128 320 ) (-144 0 320 ) 
4 53 60 (-240 -128 64 ) (-144 -128 64 ) (-144 -128 320 ) (-240 -128 320 ) 
4 53 54 (-240 0 64 ) (-240 -128 64 ) (-240 -128 320 ) (-240 0 320 ) 
4 54 61 (-256 -128 64 ) (-240 -128 64 ) (-240 -128 320 ) (-256 -128 320 ) 
4 54 55 (-256 0 64 ) (-256 -128 64 ) (-256 -128 320 ) (-256 0 320 ) 
4 55 61 (-320 -128 64 ) (-256 -128 64 ) (-256 -128 320 ) (-320 -128 320 ) 
4 55 56 (-320 0 64 ) (-320 -128 64 ) (-320 -128 320 ) (-320 0 320 ) 
4 56 61 (-336 -128 64 ) (-320 -128 64 ) (-320 -128 320 ) (-336 -128 320 ) 
4 56 57 (-336 0 64 ) (-336 -128 64 ) (-336 -128 320 ) (-336 0 320 ) 
4 57 62 (-384 -128 64 ) (-336 -128 64 ) (-336 -128 320 ) (-384 -128 320 ) 
4 58 63 (-48 -144 64 ) (0 -144 64 ) (0 -144 320 ) (-48 -144 320 ) 
4 58 59 (-48 -128 320 ) (-48 -128 64 ) (-48 -144 64 ) (-48 -144 320 ) 
4 59 60 (-144 -128 320 ) (-144 -128 64 ) (-144 -144 64 ) (-144 -144 320 ) 
4 59 63 (-144 -144 64 ) (-48 -144 64 ) (-48 -144 320 ) (-144 -144 320 ) 
4 60 61 (-240 -128 320 ) (-240 -128 64 ) (-240 -144 64 ) (-240 -144 320 ) 
4 60 63 (-240 -144 64 ) (-144 -144 64 ) (-144 -144 320 ) (-240 -144 320 ) 
4 61 63 (-336 -144 64 ) (-240 -144 64 ) (-240 -144 320 ) (-336 -144 320 ) 
4 61 62 (-336 -128 320 ) (-336 -128 64 ) (-336 -144 64 ) (-336 -144 320 ) 
4 62 63 (-384 -144 320 ) (-384 -144 64 ) (-336 -144 64 ) (-336 -144 320 ) 
