PRT1
156
339
4 0 35 (1432 0 264 ) (1432 0 200 ) (1728 0 200 ) (1728 0 264 ) 
4 0 31 (1432 0 272 ) (1432 0 264 ) (1728 0 264 ) (1728 0 272 ) 
4 0 30 (1432 0 512 ) (1432 0 272 ) (1728 0 272 ) (1728 0 512 ) 
4 0 5 (1432 0 200 ) (1432 208 200 ) (1728 208 200 ) (1728 0 200 ) 
4 1 2 (1448 688 200 ) (1448 688 64 ) (1448 616 64 ) (1448 616 200 ) 
4 1 3 (1448 600 64 ) (1448 488 64 ) (1448 488 200 ) (1448 600 200 ) 
4 2 6 (1432 632 152 ) (1432 672 152 ) (1432 672 112 ) (1432 632 112 ) 
4 3 7 (1432 488 96 ) (1432 488 176 ) (1432 600 176 ) (1432 600 96 ) 
4 4 9 (1432 352 96 ) (1432 352 200 ) (1432 472 200 ) (1432 472 96 ) 
4 5 35 (1728 0 200 ) (1432 0 200 ) (1432 0 64 ) (1728 0 64 ) 
4 5 10 (1432 160 64 ) (1432 96 64 ) (1432 96 160 ) (1432 160 160 ) 
4 6 11 (1416 632 152 ) (1416 672 152 ) (1416 672 112 ) (1416 632 112 ) 
4 7 8 (1424 600 96 ) (1424 488 96 ) (1424 488 176 ) (1424 600 176 ) 
4 8 11 (1416 488 96 ) (1416 488 176 ) (1416 600 176 ) (1416 600 96 ) 
4 9 11 (1416 352 96 ) (1416 352 200 ) (1416 472 200 ) (1416 472 96 ) 
4 10 27 (1416 160 64 ) (1416 96 64 ) (1416 96 160 ) (1416 160 160 ) 
4 11 25 (1256 352 200 ) (1248.810059 352 200 ) (1248.810059 352 88 ) (1256 352 88 ) 
3 11 23 (1270.649902 606.327881 88 ) (1269.886719 603.179016 88 ) (1266.920044 602.033997 88 ) 
3 11 22 (1272 611.898376 88 ) (1273.751709 604.670715 88 ) (1269.886719 603.179016 88 ) 
3 11 21 (1261.650269 600 88 ) (1258.675171 598.851807 88 ) (1256.059814 600.692078 88 ) 
3 11 20 (1270.650269 617.467712 88 ) (1279.754028 606.987305 88 ) (1273.751709 604.670715 88 ) 
3 11 19 (1266.920044 621.761963 88 ) (1292.477417 611.897949 88 ) (1279.754028 606.987305 88 ) 
3 11 18 (1261.649902 623.796021 88 ) (1352.419312 635.032898 88 ) (1292.477417 611.897949 88 ) 
5 11 17 (1256.060059 623.104004 88 ) (1348.285034 688 88 ) (1416 688 88 ) (1416 659.572266 88 ) (1352.419312 635.032898 88 ) 
3 11 16 (1251.430176 619.846130 88 ) (1286.580200 688 88 ) (1348.285034 688 88 ) 
3 11 15 (1248.810059 614.765869 88 ) (1248.810059 688 88 ) (1286.580200 688 88 ) 
3 11 14 (1416 659.572266 88 ) (1416 488.147095 88 ) (1258.675171 598.851807 88 ) 
3 11 13 (1248.810059 605.793579 88 ) (1248.810059 609.030334 88 ) (1251.430298 603.949768 88 ) 
4 11 12 (1416 352 88 ) (1248.810059 352 88 ) (1248.810059 605.793579 88 ) (1416 488.147095 88 ) 
4 11 24 (1248.810059 688 200 ) (1248.810059 688 88 ) (1248.810059 352 88 ) (1248.810059 352 200 ) 
4 12 25 (1248.810059 352 64 ) (1256 352 64 ) (1256 352 88 ) (1248.810059 352 88 ) 
4 12 21 (1256.065674 600.691345 88 ) (1258.678223 598.852966 88 ) (1258.678223 598.852966 64 ) (1256.065674 600.691345 64 ) 
4 12 14 (1258.678223 598.852966 88 ) (1416 488.150330 88 ) (1416 488.150330 64 ) (1258.678223 598.852966 64 ) 
4 12 13 (1248.810059 605.796875 64 ) (1248.810059 605.796875 88 ) (1251.427734 603.954895 88 ) (1251.427734 603.954895 64 ) 
4 12 24 (1248.810059 605.793640 64 ) (1248.810059 352 64 ) (1248.810059 352 88 ) (1248.810059 605.793579 88 ) 
4 13 24 (1248.810059 609.030396 64 ) (1248.810059 605.793640 64 ) (1248.810059 605.793579 88 ) (1248.810059 609.030334 88 ) 
4 14 23 (1266.919556 602.033447 88 ) (1269.886597 603.178589 88 ) (1269.886597 603.178589 64 ) (1266.919556 602.033447 64 ) 
4 14 22 (1269.886597 603.178589 88 ) (1273.751831 604.670410 88 ) (1273.751831 604.670410 64 ) (1269.886597 603.178589 64 ) 
4 14 21 (1258.675537 598.851624 64 ) (1258.675537 598.851624 88 ) (1261.650879 600 88 ) (1261.650879 600 64 ) 
4 14 20 (1273.751831 604.670410 88 ) (1279.754272 606.987122 88 ) (1279.754272 606.987122 64 ) (1273.751831 604.670410 64 ) 
4 14 19 (1279.754272 606.987122 88 ) (1292.477783 611.897827 88 ) (1292.477783 611.897827 64 ) (1279.754272 606.987122 64 ) 
4 14 18 (1292.477783 611.897827 88 ) (1352.420410 635.033020 88 ) (1352.420410 635.033020 64 ) (1292.477783 611.897827 64 ) 
4 14 17 (1352.420410 635.033020 88 ) (1416 659.571960 88 ) (1416 659.571960 64 ) (1352.420410 635.033020 64 ) 
4 15 16 (1286.582031 688 64 ) (1286.582031 688 88 ) (1251.433472 619.848450 88 ) (1251.433472 619.848450 64 ) 
4 15 24 (1248.810059 688 88 ) (1248.810059 688 64 ) (1248.810059 614.765930 64 ) (1248.810059 614.765869 88 ) 
4 16 17 (1256.056763 623.103577 64 ) (1348.281250 688 64 ) (1348.281250 688 88 ) (1256.056763 623.103638 88 ) 
4 17 18 (1261.649048 623.796326 64 ) (1352.422974 635.033691 64 ) (1352.422974 635.033691 88 ) (1261.649048 623.796326 88 ) 
4 18 19 (1266.919800 621.762329 64 ) (1292.479126 611.897278 64 ) (1292.479126 611.897278 88 ) (1266.919800 621.762329 88 ) 
4 19 20 (1270.649780 617.469604 64 ) (1279.754395 606.987976 64 ) (1279.754395 606.987976 88 ) (1270.649780 617.469604 88 ) 
4 20 22 (1272 611.897217 64 ) (1273.751099 604.671204 64 ) (1273.751099 604.671204 88 ) (1272 611.897217 88 ) 
4 22 23 (1270.649292 606.327087 64 ) (1269.886230 603.178772 64 ) (1269.886230 603.178772 88 ) (1270.649292 606.327087 88 ) 
4 24 26 (1168 640 64 ) (1168 576 64 ) (1168 576 160 ) (1168 640 160 ) 
4 24 25 (1168 352 200 ) (1168 352 64 ) (1248.810059 352 64 ) (1248.810059 352 200 ) 
4 25 28 (1176 336 64 ) (1240 336 64 ) (1240 336 160 ) (1176 336 160 ) 
4 26 51 (1024 640 160 ) (1024 640 64 ) (1024 576 64 ) (1024 576 160 ) 
4 27 29 (1240 160 64 ) (1240 96 64 ) (1240 96 200 ) (1240 160 200 ) 
4 28 29 (1176 320 160 ) (1176 320 64 ) (1240 320 64 ) (1240 320 160 ) 
4 29 36 (1176 0 64 ) (1240 0 64 ) (1240 0 200 ) (1176 0 200 ) 
4 30 33 (1432 -512 272 ) (1432 -512 512 ) (1432 -416 512 ) (1432 -416 272 ) 
4 30 32 (1432 -416 512 ) (1432 -320 512 ) (1432 -320 272 ) (1432 -416 272 ) 
4 30 31 (1728 0 272 ) (1728 -192 272 ) (1432 -192 272 ) (1432 0 272 ) 
4 31 35 (1432 -192 264 ) (1432 0 264 ) (1728 0 264 ) (1728 -192 264 ) 
4 32 37 (1048 -320 264 ) (1432 -320 264 ) (1432 -416 264 ) (1048 -416 264 ) 
4 32 33 (1048 -416 264 ) (1432 -416 264 ) (1432 -416 624 ) (1048 -416 624 ) 
4 33 37 (1048 -416 264 ) (1432 -416 264 ) (1432 -512 264 ) (1048 -512 264 ) 
4 33 34 (1048 -416 624 ) (1048 -416 328 ) (1048 -512 328 ) (1048 -512 624 ) 
4 34 132 (1024 -512 328 ) (1024 -512 624 ) (1024 -416 624 ) (1024 -416 328 ) 
4 38 42 (896 720 256 ) (896 784 256 ) (896 784 96 ) (896 720 96 ) 
4 38 41 (896 656 96 ) (896 784 96 ) (976 784 96 ) (976 656 96 ) 
4 38 39 (896 656 224 ) (896 656 96 ) (976 656 96 ) (976 656 224 ) 
4 39 40 (896 648 96 ) (976 648 96 ) (976 648 224 ) (896 648 224 ) 
4 40 52 (976 640 96 ) (976 640 224 ) (896 640 224 ) (896 640 96 ) 
4 41 42 (896 784 64 ) (896 720 64 ) (896 720 96 ) (896 784 96 ) 
4 42 43 (848 768 64 ) (848 672 64 ) (848 672 256 ) (848 768 256 ) 
4 43 44 (784 656 256 ) (784 656 96 ) (848 656 96 ) (848 656 256 ) 
4 44 52 (848 640 96 ) (848 640 256 ) (784 640 256 ) (784 640 96 ) 
4 45 49 (640 688 96 ) (640 784 96 ) (768 784 96 ) (768 688 96 ) 
4 45 47 (640 688 192 ) (640 688 96 ) (768 688 96 ) (768 688 192 ) 
4 45 46 (640 688 256 ) (640 688 192 ) (768 688 192 ) (768 688 256 ) 
4 46 48 (640 680 256 ) (640 680 192 ) (768 680 192 ) (768 680 256 ) 
4 46 47 (768 680 192 ) (640 680 192 ) (640 688 192 ) (768 688 192 ) 
4 47 48 (640 680 192 ) (640 680 96 ) (768 680 96 ) (768 680 192 ) 
4 48 52 (768 640 96 ) (768 640 256 ) (640 640 256 ) (640 640 96 ) 
4 48 50 (640 656 96 ) (640 680 96 ) (768 680 96 ) (768 656 96 ) 
4 51 52 (976 640 160 ) (976 640 64 ) (976 576 64 ) (976 576 160 ) 
4 52 59 (815.859009 576 64 ) (947.390198 576 64 ) (947.390198 576 88 ) (815.859009 576 88 ) 
4 52 58 (761.500854 576 64 ) (815.859009 576 64 ) (815.859009 576 88 ) (761.500854 576 88 ) 
4 52 57 (728 576 64 ) (761.500854 576 64 ) (761.500854 576 88 ) (728 576 88 ) 
4 52 56 (947.390198 576 64 ) (976 576 64 ) (976 576 88 ) (947.390198 576 88 ) 
4 52 53 (976 576 88 ) (976 576 256 ) (728 576 256 ) (728 576 88 ) 
4 52 66 (640 576 64 ) (728 576 64 ) (728 576 256 ) (640 576 256 ) 
4 53 67 (728 448 160 ) (728 448 88 ) (784 448 88 ) (784 448 160 ) 
3 53 65 (749.838989 502.532013 88 ) (749.078369 499.386688 88 ) (746.104980 498.237976 88 ) 
3 53 64 (751.185974 508.101990 88 ) (752.933411 500.876007 88 ) (749.078369 499.386688 88 ) 
3 53 63 (740.840088 496.204010 88 ) (737.868225 495.055908 88 ) (735.250977 496.895996 88 ) 
3 53 62 (749.838989 513.672058 88 ) (758.946228 503.198944 88 ) (752.933411 500.876007 88 ) 
3 53 61 (746.104980 517.966003 88 ) (771.637756 508.102020 88 ) (758.946228 503.198944 88 ) 
3 53 60 (740.840149 520 88 ) (831.423584 531.198914 88 ) (771.637756 508.102020 88 ) 
4 53 59 (735.250916 519.308960 88 ) (815.859009 576 88 ) (947.390198 576 88 ) (831.423584 531.198914 88 ) 
3 53 58 (730.617004 516.049988 88 ) (761.500854 576 88 ) (815.859009 576 88 ) 
3 53 57 (728 510.970032 88 ) (728 576 88 ) (761.500854 576 88 ) 
5 53 56 (947.390198 576 88 ) (976 576 88 ) (976 448 88 ) (804.797607 448 88 ) (737.868225 495.055908 88 ) 
3 53 55 (728 501.993927 88 ) (728 505.233856 88 ) (730.616882 500.154083 88 ) 
3 53 54 (728 448 88 ) (728 501.993927 88 ) (804.797607 448 88 ) 
4 53 66 (728 576 256 ) (728 576 88 ) (728 448 88 ) (728 448 256 ) 
4 54 67 (728 448 64 ) (784 448 64 ) (784 448 88 ) (728 448 88 ) 
4 54 63 (735.254700 496.895508 88 ) (737.870178 495.056671 88 ) (737.870178 495.056671 64 ) (735.254700 496.895508 64 ) 
4 54 56 (737.870178 495.056671 88 ) (804.800720 448 88 ) (804.800720 448 64 ) (737.870178 495.056671 64 ) 
4 54 55 (728 501.996094 64 ) (728 501.996094 88 ) (730.615173 500.157440 88 ) (730.615173 500.157440 64 ) 
4 54 66 (728 501.993927 64 ) (728 448 64 ) (728 448 88 ) (728 501.993927 88 ) 
4 55 66 (728 505.233856 64 ) (728 501.993927 64 ) (728 501.993927 88 ) (728 505.233856 88 ) 
4 56 65 (746.104980 498.237976 88 ) (749.078369 499.386688 88 ) (749.078369 499.386688 64 ) (746.104980 498.237976 64 ) 
4 56 64 (749.078369 499.386688 88 ) (752.933472 500.876007 88 ) (752.933411 500.876007 64 ) (749.078369 499.386688 64 ) 
4 56 63 (737.869446 495.056366 64 ) (737.869446 495.056366 88 ) (740.840088 496.204010 88 ) (740.840088 496.204010 64 ) 
4 56 62 (752.933472 500.876007 88 ) (758.946289 503.198944 88 ) (758.946289 503.198944 64 ) (752.933411 500.876007 64 ) 
4 56 61 (758.946289 503.198944 88 ) (771.637695 508.101990 88 ) (771.637695 508.101990 64 ) (758.946289 503.198944 64 ) 
4 56 60 (771.637695 508.101990 88 ) (831.423645 531.198914 88 ) (831.423645 531.198914 64 ) (771.637695 508.101990 64 ) 
4 56 59 (831.423645 531.198914 88 ) (947.390259 576 88 ) (947.390259 576 64 ) (831.423645 531.198914 64 ) 
4 57 58 (761.503357 576 64 ) (761.503357 576 88 ) (730.621155 516.052917 88 ) (730.621155 516.052917 64 ) 
4 57 66 (728 576 88 ) (728 576 64 ) (728 510.970032 64 ) (728 510.970032 88 ) 
4 58 59 (735.248718 519.308716 64 ) (815.856323 576 64 ) (815.856323 576 88 ) (735.248779 519.308716 88 ) 
4 59 60 (740.840515 520 64 ) (831.423157 531.198486 64 ) (831.423157 531.198486 88 ) (740.840515 520 88 ) 
4 60 61 (746.105042 517.966003 64 ) (771.637146 508.102753 64 ) (771.637146 508.102753 88 ) (746.105042 517.966003 88 ) 
4 61 62 (749.840698 513.664917 64 ) (758.942139 503.198456 64 ) (758.942139 503.198456 88 ) (749.840698 513.664917 88 ) 
4 62 64 (751.185913 508.101746 64 ) (752.933472 500.875488 64 ) (752.933472 500.875488 88 ) (751.185913 508.101746 88 ) 
4 64 65 (749.839844 502.532959 64 ) (749.079041 499.386993 64 ) (749.079041 499.386993 88 ) (749.839844 502.532959 88 ) 
4 66 67 (720 448 64 ) (728 448 64 ) (728 448 160 ) (720 448 160 ) 
4 67 68 (720 432 64 ) (784 432 64 ) (784 432 160 ) (720 432 160 ) 
4 68 69 (720 272 64 ) (784 272 64 ) (784 272 160 ) (720 272 160 ) 
4 69 83 (720 256 64 ) (784 256 64 ) (784 256 88 ) (720 256 88 ) 
4 69 70 (784 256 88 ) (784 256 160 ) (720 256 160 ) (720 256 88 ) 
4 70 94 (384 216 168 ) (384 216 88 ) (832 216 88 ) (832 216 168 ) 
3 70 93 (637.325928 237.839020 88 ) (640.471313 237.078369 88 ) (641.619995 234.104950 88 ) 
3 70 92 (643.654053 228.839828 88 ) (644.802612 225.866791 88 ) (642.963135 223.251236 88 ) 
3 70 91 (640.471313 237.078369 88 ) (650.911865 234.553528 88 ) (644.802612 225.866791 88 ) 
3 70 90 (626.185913 237.838989 88 ) (628.609863 239.946823 88 ) (631.755981 239.186005 88 ) 
3 70 89 (621.892029 234.105026 88 ) (624.530090 240.933441 88 ) (628.609863 239.946823 88 ) 
3 70 88 (619.858032 228.840103 88 ) (618.170166 242.471466 88 ) (624.530090 240.933441 88 ) 
3 70 87 (620.550049 223.250992 88 ) (604.756104 245.715408 88 ) (618.170166 242.471466 88 ) 
4 70 86 (623.808044 218.617004 88 ) (551.241699 256 88 ) (562.228027 256 88 ) (604.756104 245.715408 88 ) 
3 70 85 (562.228027 256 88 ) (665.994873 256 88 ) (650.911865 234.553528 88 ) 
3 70 84 (637.863403 216 88 ) (634.624023 216 88 ) (639.703857 218.616943 88 ) 
4 70 83 (832 216 88 ) (637.863403 216 88 ) (665.994873 256 88 ) (832 256 88 ) 
3 70 82 (573.326111 237.839005 88 ) (576.471252 237.078415 88 ) (577.619873 234.105179 88 ) 
3 70 81 (579.653992 228.839966 88 ) (580.802612 225.866730 88 ) (578.963013 223.250992 88 ) 
3 70 80 (576.471252 237.078415 88 ) (586.911926 234.553528 88 ) (580.802612 225.866730 88 ) 
3 70 79 (562.185974 237.839005 88 ) (564.609924 239.946854 88 ) (567.756042 239.186020 88 ) 
3 70 78 (557.892029 234.105026 88 ) (560.530090 240.933472 88 ) (564.609924 239.946854 88 ) 
3 70 77 (555.857971 228.839890 88 ) (554.170166 242.471497 88 ) (560.530090 240.933472 88 ) 
3 70 76 (556.549927 223.250961 88 ) (540.756042 245.715439 88 ) (554.170166 242.471497 88 ) 
4 70 75 (559.807861 218.617065 88 ) (487.241791 256 88 ) (498.228149 256 88 ) (540.756042 245.715439 88 ) 
4 70 74 (564.888000 216 88 ) (384 216 88 ) (384 256 88 ) (487.241791 256 88 ) 
4 70 73 (498.228149 256 88 ) (551.241699 256 88 ) (588.497192 236.807617 88 ) (586.911926 234.553528 88 ) 
3 70 72 (573.863464 216 88 ) (570.623962 216 88 ) (575.703979 218.617050 88 ) 
3 70 71 (628.888062 216 88 ) (573.863464 216 88 ) (588.497192 236.807617 88 ) 
4 71 94 (573.863464 216 64 ) (628.888062 216 64 ) (628.888062 216 88 ) (573.863464 216 88 ) 
4 71 86 (588.498108 236.808929 88 ) (623.806580 218.619141 88 ) (623.806580 218.619141 64 ) (588.498108 236.808929 64 ) 
4 71 81 (580.803528 225.864212 64 ) (578.962341 223.245880 64 ) (578.962341 223.245880 88 ) (580.803528 225.864212 88 ) 
4 71 80 (586.913452 234.553162 64 ) (580.803528 225.864212 64 ) (580.803528 225.864212 88 ) (586.913452 234.553162 88 ) 
4 71 73 (588.498047 236.806641 88 ) (588.498047 236.806641 64 ) (586.913452 234.553162 64 ) (586.913452 234.553162 88 ) 
4 71 72 (575.709412 218.619797 64 ) (573.867188 216 64 ) (573.867188 216 88 ) (575.709412 218.619797 88 ) 
4 72 94 (570.623962 216 64 ) (573.863464 216 64 ) (573.863464 216 88 ) (570.623962 216 88 ) 
4 73 86 (551.246094 256 64 ) (551.246094 256 88 ) (588.498108 236.808929 88 ) (588.498108 236.808929 64 ) 
4 73 82 (576.471069 237.078995 88 ) (573.325134 237.839767 88 ) (573.325134 237.839767 64 ) (576.471069 237.078995 64 ) 
4 73 80 (586.913086 234.553787 64 ) (586.913086 234.553787 88 ) (576.471069 237.078995 88 ) (576.471069 237.078995 64 ) 
4 73 79 (567.757141 239.186279 88 ) (564.610352 239.947266 88 ) (564.610352 239.947266 64 ) (567.757141 239.186279 64 ) 
4 73 78 (564.610352 239.947266 88 ) (560.530273 240.933960 88 ) (560.530273 240.933960 64 ) (564.610352 239.947266 64 ) 
4 73 77 (560.530273 240.933960 88 ) (554.170105 242.472046 88 ) (554.170105 242.472046 64 ) (560.530273 240.933960 64 ) 
4 73 76 (554.170105 242.472046 88 ) (540.755554 245.716095 88 ) (540.755554 245.716095 64 ) (554.170105 242.472046 64 ) 
4 73 75 (540.755554 245.716095 88 ) (498.230408 256 88 ) (498.230408 256 64 ) (540.755554 245.716095 64 ) 
4 74 94 (384 216 88 ) (384 216 64 ) (564.888062 216 64 ) (564.888000 216 88 ) 
4 74 75 (487.240631 256 64 ) (487.240631 256 88 ) (559.808350 218.616394 88 ) (559.808350 218.616394 64 ) 
4 75 76 (556.550049 223.250381 64 ) (540.754700 245.717148 64 ) (540.754700 245.717148 88 ) (556.550049 223.250381 88 ) 
4 76 77 (555.858154 228.840393 64 ) (554.170410 242.472061 64 ) (554.170410 242.472061 88 ) (555.858154 228.840393 88 ) 
4 77 78 (557.891357 234.104431 64 ) (560.529480 240.933594 64 ) (560.529480 240.933594 88 ) (557.891357 234.104431 88 ) 
4 78 79 (562.188660 237.839645 64 ) (564.612610 239.947800 64 ) (564.612610 239.947800 88 ) (562.188660 237.839645 88 ) 
4 80 82 (576.469971 237.078705 88 ) (576.469971 237.078705 64 ) (577.618164 234.106644 64 ) (577.618164 234.106644 88 ) 
4 80 81 (579.653687 228.837799 64 ) (580.801880 225.865723 64 ) (580.801880 225.865723 88 ) (579.653687 228.837799 88 ) 
4 83 94 (637.863403 216 64 ) (832 216 64 ) (832 216 88 ) (637.863403 216 88 ) 
4 83 92 (642.963257 223.252457 88 ) (644.802307 225.867401 88 ) (644.802307 225.867401 64 ) (642.963257 223.252457 64 ) 
4 83 91 (644.802307 225.867401 88 ) (650.911255 234.553665 88 ) (650.911255 234.553665 64 ) (644.802307 225.867401 64 ) 
4 83 85 (650.911255 234.553665 88 ) (665.994202 256 88 ) (665.994202 256 64 ) (650.911255 234.553665 64 ) 
4 83 84 (637.862732 216 64 ) (637.862732 216 88 ) (639.702820 218.616409 88 ) (639.702820 218.616409 64 ) 
4 84 94 (634.624023 216 64 ) (637.863403 216 64 ) (637.863403 216 88 ) (634.624023 216 88 ) 
4 85 93 (640.471619 237.077454 88 ) (637.327393 237.837830 88 ) (637.327393 237.837830 64 ) (640.471619 237.077454 64 ) 
4 85 91 (650.910889 234.552917 64 ) (650.910889 234.552917 88 ) (640.471619 237.077454 88 ) (640.471619 237.077454 64 ) 
4 85 90 (631.754272 239.185577 88 ) (628.609131 239.946167 88 ) (628.609131 239.946167 64 ) (631.754272 239.185577 64 ) 
4 85 89 (628.609131 239.946167 88 ) (624.529785 240.932678 88 ) (624.529785 240.932678 64 ) (628.609131 239.946167 64 ) 
4 85 88 (624.529785 240.932678 88 ) (618.170288 242.470612 88 ) (618.170288 242.470612 64 ) (624.529785 240.932678 64 ) 
4 85 87 (618.170288 242.470612 88 ) (604.756836 245.714401 88 ) (604.756836 245.714401 64 ) (618.170288 242.470612 64 ) 
4 85 86 (604.756836 245.714401 88 ) (562.224670 256 88 ) (562.224670 256 64 ) (604.756836 245.714401 64 ) 
4 86 87 (620.550415 223.247452 64 ) (604.757812 245.710938 64 ) (604.757812 245.710938 88 ) (620.550415 223.247452 88 ) 
4 87 88 (619.858276 228.840790 64 ) (618.170410 242.472046 64 ) (618.170410 242.472046 88 ) (619.858276 228.840790 88 ) 
4 88 89 (621.891357 234.104431 64 ) (624.529480 240.933578 64 ) (624.529480 240.933578 88 ) (621.891357 234.104431 88 ) 
4 89 90 (626.179993 237.837555 64 ) (628.607361 239.948593 64 ) (628.607361 239.948593 88 ) (626.179993 237.837555 88 ) 
4 91 93 (640.471802 237.078247 88 ) (640.471802 237.078247 64 ) (641.620605 234.104462 64 ) (641.620605 234.104462 88 ) 
4 91 92 (643.654114 228.840683 64 ) (644.802856 225.867172 64 ) (644.802856 225.867172 88 ) (643.654114 228.840683 88 ) 
4 94 97 (384 192 160 ) (384 192 64 ) (384 128 64 ) (384 128 160 ) 
4 94 95 (384 64 168 ) (384 64 96 ) (832 64 96 ) (832 64 168 ) 
4 95 96 (384 48 168 ) (384 48 96 ) (832 48 96 ) (832 48 168 ) 
4 96 133 (832 0 168 ) (384 0 168 ) (384 0 64 ) (832 0 64 ) 
4 97 98 (368 192 160 ) (368 192 64 ) (368 128 64 ) (368 128 160 ) 
4 98 99 (184 192 160 ) (184 192 64 ) (184 128 64 ) (184 128 160 ) 
4 99 124 (168 192 160 ) (168 192 64 ) (168 128 64 ) (168 128 160 ) 
4 100 129 (0 224 168 ) (0 256 168 ) (0 256 96 ) (0 224 96 ) 
4 100 126 (88 224 168 ) (0 224 168 ) (0 224 88 ) (88 224 88 ) 
4 100 125 (104 224 168 ) (88 224 168 ) (88 224 88 ) (104 224 88 ) 
4 100 124 (168 224 88 ) (168 224 168 ) (104 224 168 ) (104 224 88 ) 
3 100 123 (57.671917 245.838989 88 ) (60.817009 245.078384 88 ) (61.965813 242.104996 88 ) 
3 100 122 (64 236.840012 88 ) (65.148460 233.867523 88 ) (63.308502 231.251022 88 ) 
3 100 121 (60.817009 245.078384 88 ) (71.256676 242.553650 88 ) (65.148460 233.867523 88 ) 
3 100 120 (46.532223 245.839005 88 ) (48.956055 247.946838 88 ) (52.102108 247.185989 88 ) 
3 100 119 (42.238388 242.104965 88 ) (44.876759 248.933380 88 ) (48.956055 247.946838 88 ) 
3 100 118 (40.204102 236.839996 88 ) (38.517570 250.471283 88 ) (44.876759 248.933380 88 ) 
3 100 117 (40.895599 231.251007 88 ) (25.097267 253.716843 88 ) (38.517570 250.471283 88 ) 
5 100 116 (44.154289 226.617020 88 ) (0 249.365707 88 ) (0 256 88 ) (15.656476 256 88 ) (25.097267 253.716843 88 ) 
3 100 115 (49.233807 224 88 ) (0 224 88 ) (0 249.365707 88 ) 
3 100 114 (15.656476 256 88 ) (80.712349 256 88 ) (71.256676 242.553650 88 ) 
3 100 113 (58.209480 224 88 ) (54.970383 224 88 ) (60.049805 226.617020 88 ) 
3 100 112 (121.671967 245.839020 88 ) (124.817329 245.078369 88 ) (125.966026 242.104965 88 ) 
3 100 111 (128 236.840027 88 ) (129.148636 233.866791 88 ) (127.308998 231.250992 88 ) 
3 100 110 (124.817329 245.078369 88 ) (135.257828 242.553528 88 ) (129.148636 233.866791 88 ) 
3 100 109 (110.531975 245.839005 88 ) (112.955925 247.946838 88 ) (116.102020 247.186005 88 ) 
3 100 108 (106.238014 242.105026 88 ) (108.876015 248.933487 88 ) (112.955925 247.946838 88 ) 
3 100 107 (104.204002 236.839996 88 ) (102.516220 250.471481 88 ) (108.876015 248.933487 88 ) 
3 100 106 (104.896004 231.251022 88 ) (89.102097 253.715439 88 ) (102.516220 250.471481 88 ) 
4 100 105 (108.154015 226.617004 88 ) (72.842110 244.808197 88 ) (80.558693 255.781494 88 ) (89.102097 253.715439 88 ) 
3 100 104 (113.234009 224 88 ) (58.209480 224 88 ) (72.842110 244.808197 88 ) 
4 100 103 (80.558693 255.781494 88 ) (80.712349 256 88 ) (144.714447 256 88 ) (135.257828 242.553528 88 ) 
3 100 102 (122.209534 224 88 ) (118.970001 224 88 ) (124.050026 226.617020 88 ) 
4 100 101 (168 224 88 ) (122.209534 224 88 ) (144.714447 256 88 ) (168 256 88 ) 
4 101 124 (122.209534 224 64 ) (168 224 64 ) (168 224 88 ) (122.209534 224 88 ) 
4 101 111 (127.310219 231.260895 88 ) (129.146683 233.871841 88 ) (129.146683 233.871841 64 ) (127.310219 231.260895 64 ) 
4 101 110 (129.146683 233.871841 88 ) (135.253799 242.554504 88 ) (135.253799 242.554504 64 ) (129.146683 233.871841 64 ) 
4 101 103 (135.253799 242.554504 88 ) (144.710938 256 88 ) (144.710938 256 64 ) (135.253799 242.554504 64 ) 
4 101 102 (122.203125 224 64 ) (122.203125 224 88 ) (124.040352 226.612045 88 ) (124.040352 226.612045 64 ) 
4 102 124 (118.970001 224 64 ) (122.209534 224 64 ) (122.209534 224 88 ) (118.970001 224 88 ) 
4 103 114 (80.560822 255.780975 88 ) (80.714844 256 88 ) (80.714844 256 64 ) (80.560822 255.780991 64 ) 
4 103 112 (121.671242 245.839645 64 ) (124.817131 245.078888 64 ) (124.817131 245.078888 88 ) (121.671242 245.839645 88 ) 
4 103 110 (124.817131 245.078888 64 ) (135.258072 242.553986 64 ) (135.258072 242.553986 88 ) (124.817131 245.078888 88 ) 
4 103 109 (112.956306 247.947159 64 ) (116.102928 247.186218 64 ) (116.102921 247.186218 88 ) (112.956306 247.947159 88 ) 
4 103 108 (108.876152 248.933853 64 ) (112.956306 247.947159 64 ) (112.956306 247.947159 88 ) (108.876152 248.933853 88 ) 
4 103 107 (102.516182 250.471863 64 ) (108.876152 248.933853 64 ) (108.876152 248.933853 88 ) (102.516174 250.471863 88 ) 
4 103 106 (89.101822 253.715820 64 ) (102.516182 250.471863 64 ) (102.516174 250.471863 88 ) (89.101822 253.715820 88 ) 
4 103 105 (80.558899 255.781738 88 ) (80.558899 255.781738 64 ) (89.101822 253.715820 64 ) (89.101822 253.715820 88 ) 
4 104 126 (58.209476 224 64 ) (88 224 64 ) (88 224 88 ) (58.209480 224 88 ) 
4 104 125 (88 224 64 ) (104 224 64 ) (104 224 88 ) (88 224 88 ) 
4 104 124 (104 224 64 ) (113.234009 224 64 ) (113.234009 224 88 ) (104 224 88 ) 
4 104 122 (63.308140 231.248108 88 ) (65.149094 233.865891 88 ) (65.149094 233.865891 64 ) (63.308140 231.248108 64 ) 
4 104 121 (65.149094 233.865891 88 ) (71.258438 242.553223 88 ) (71.258438 242.553223 64 ) (65.149094 233.865891 64 ) 
4 104 114 (71.258438 242.553223 88 ) (72.843674 244.807388 88 ) (72.843681 244.807404 64 ) (71.258438 242.553223 64 ) 
4 104 113 (58.210938 224 64 ) (58.210938 224 88 ) (60.052227 226.618271 88 ) (60.052227 226.618271 64 ) 
4 104 105 (72.841187 244.806900 64 ) (72.841187 244.806900 88 ) (108.155830 226.614410 88 ) (108.155830 226.614410 64 ) 
4 105 114 (72.843674 244.807388 88 ) (80.560822 255.780975 88 ) (80.560822 255.780991 64 ) (72.843681 244.807404 64 ) 
4 105 106 (104.896667 231.245682 64 ) (89.099258 253.713806 64 ) (89.099258 253.713806 88 ) (104.896667 231.245682 88 ) 
4 106 107 (104.204292 236.840729 64 ) (102.516594 250.472031 64 ) (102.516594 250.472031 88 ) (104.204292 236.840729 88 ) 
4 107 108 (106.239304 242.106140 64 ) (108.876801 248.933472 64 ) (108.876801 248.933472 88 ) (106.239304 242.106140 88 ) 
4 108 109 (110.530624 245.838684 64 ) (112.956146 247.948105 64 ) (112.956146 247.948105 88 ) (110.530624 245.838684 88 ) 
4 110 112 (124.816650 245.078522 88 ) (124.816650 245.078522 64 ) (125.965065 242.105804 64 ) (125.965065 242.105804 88 ) 
4 110 111 (128 236.838699 64 ) (129.148178 233.866165 64 ) (129.148178 233.866165 88 ) (128 236.838699 88 ) 
4 113 126 (54.970379 224 64 ) (58.209476 224 64 ) (58.209480 224 88 ) (54.970383 224 88 ) 
4 114 123 (60.816895 245.078659 88 ) (57.671543 245.839325 88 ) (57.671543 245.839325 64 ) (60.816895 245.078659 64 ) 
4 114 121 (71.257301 242.553757 64 ) (71.257301 242.553757 88 ) (60.816895 245.078659 88 ) (60.816895 245.078659 64 ) 
4 114 120 (52.102600 247.186127 88 ) (48.956284 247.947037 88 ) (48.956284 247.947037 64 ) (52.102600 247.186127 64 ) 
4 114 119 (48.956284 247.947037 88 ) (44.876846 248.933609 88 ) (44.876846 248.933609 64 ) (48.956284 247.947037 64 ) 
4 114 118 (44.876846 248.933609 88 ) (38.517540 250.471542 88 ) (38.517540 250.471542 64 ) (44.876846 248.933609 64 ) 
4 114 117 (38.517540 250.471542 88 ) (25.097057 253.717148 88 ) (25.097057 253.717148 64 ) (38.517540 250.471542 64 ) 
4 114 116 (25.097057 253.717148 88 ) (15.657524 256 88 ) (15.657525 256 64 ) (25.097057 253.717148 64 ) 
4 115 126 (0 224 64 ) (49.233803 224 64 ) (49.233807 224 88 ) (0 224 88 ) 
4 115 116 (0 249.367401 88 ) (44.152660 226.619324 88 ) (44.152660 226.619324 64 ) (0 249.367401 64 ) 
4 116 117 (40.895138 231.254715 64 ) (25.100674 253.715546 64 ) (25.100674 253.715546 88 ) (40.895138 231.254715 88 ) 
4 117 118 (40.203930 236.839554 64 ) (38.517220 250.472000 64 ) (38.517220 250.472000 88 ) (40.203930 236.839554 88 ) 
4 118 119 (42.235569 242.102509 64 ) (44.874771 248.933746 64 ) (44.874771 248.933746 88 ) (42.235569 242.102509 88 ) 
4 119 120 (46.532951 245.839188 64 ) (48.956272 247.946136 64 ) (48.956272 247.946136 88 ) (46.532951 245.839188 88 ) 
4 121 123 (60.817707 245.078232 88 ) (60.817707 245.078232 64 ) (61.966789 242.104156 64 ) (61.966789 242.104156 88 ) 
4 121 122 (64 236.841309 64 ) (65.148895 233.868134 64 ) (65.148895 233.868134 88 ) (64 236.841309 88 ) 
4 124 134 (168 0 168 ) (104 0 168 ) (104 0 64 ) (168 0 64 ) 
4 124 125 (104 224 168 ) (104 224 64 ) (104 112 64 ) (104 112 168 ) 
4 125 126 (88 224 168 ) (88 224 64 ) (88 112 64 ) (88 112 168 ) 
4 126 129 (0 112 168 ) (0 224 168 ) (0 224 96 ) (0 112 96 ) 
4 126 127 (88 112 96 ) (88 112 168 ) (0 112 168 ) (0 112 96 ) 
4 127 129 (0 96 168 ) (0 112 168 ) (0 112 96 ) (0 96 96 ) 
4 127 128 (88 96 96 ) (88 96 168 ) (0 96 168 ) (0 96 96 ) 
4 128 135 (88 0 168 ) (0 0 168 ) (0 0 64 ) (88 0 64 ) 
4 128 130 (0 0 64 ) (0 0 168 ) (0 96 168 ) (0 96 64 ) 
4 129 130 (-16 96 168 ) (-16 96 96 ) (0 96 96 ) (0 96 168 ) 
4 129 131 (-16 96 96 ) (-16 96 168 ) (-16 256 168 ) (-16 256 96 ) 
4 130 153 (0 0 64 ) (0 0 168 ) (-16 0 168 ) (-16 0 64 ) 
4 130 131 (-16 96 64 ) (-16 0 64 ) (-16 0 168 ) (-16 96 168 ) 
4 131 153 (-16 0 168 ) (-208 0 168 ) (-208 0 64 ) (-16 0 64 ) 
4 134 136 (104 -48 64 ) (168 -48 64 ) (168 -48 160 ) (104 -48 160 ) 
4 135 153 (0 0 168 ) (0 0 64 ) (0 -48 64 ) (0 -48 168 ) 
4 136 137 (104 -64 64 ) (168 -64 64 ) (168 -64 160 ) (104 -64 160 ) 
4 137 151 (32 -252 64 ) (32 -384 64 ) (32 -384 168 ) (32 -252 168 ) 
4 137 148 (32 -232.658737 64 ) (32 -238.077484 64 ) (32 -238.077484 88 ) (32 -232.658752 88 ) 
4 137 141 (32 -64 88 ) (32 -64 64 ) (32 -232.658737 64 ) (32 -232.658752 88 ) 
4 137 139 (32 -238.077484 64 ) (32 -252 64 ) (32 -252 88 ) (32 -238.077484 88 ) 
4 137 138 (32 -64 168 ) (32 -64 88 ) (32 -252 88 ) (32 -252 168 ) 
4 138 154 (0 -252 88 ) (0 -252 168 ) (0 -64 168 ) (0 -64 88 ) 
4 138 151 (32 -252 88 ) (32 -252 168 ) (0 -252 168 ) (0 -252 88 ) 
3 138 150 (21.671900 -230.160995 88 ) (24.816986 -230.921600 88 ) (25.965801 -233.895004 88 ) 
3 138 149 (28 -239.160004 88 ) (29.148460 -242.132492 88 ) (27.308502 -244.748993 88 ) 
4 138 148 (24.816986 -230.921600 88 ) (32 -232.658737 88 ) (32 -238.077484 88 ) (29.148460 -242.132492 88 ) 
3 138 147 (10.532221 -230.160980 88 ) (12.956076 -228.053146 88 ) (16.102100 -228.813980 88 ) 
3 138 146 (6.238357 -233.895020 88 ) (8.876625 -227.066574 88 ) (12.956076 -228.053146 88 ) 
3 138 145 (4.204152 -239.160004 88 ) (2.517692 -225.528732 88 ) (8.876625 -227.066574 88 ) 
4 138 144 (4.895620 -244.748993 88 ) (0 -237.787262 88 ) (0 -224.919861 88 ) (2.517692 -225.528732 88 ) 
3 138 143 (8.154329 -249.382980 88 ) (0 -245.181763 88 ) (0 -237.787262 88 ) 
3 138 142 (13.233808 -252 88 ) (0 -252 88 ) (0 -245.181763 88 ) 
4 138 141 (0 -224.919861 88 ) (0 -64 88 ) (32 -64 88 ) (32 -232.658737 88 ) 
3 138 140 (22.209482 -252 88 ) (18.970415 -252 88 ) (24.049789 -249.383011 88 ) 
3 138 139 (32 -252 88 ) (22.209482 -252 88 ) (32 -238.077484 88 ) 
4 139 151 (22.209482 -252 64 ) (32 -252 64 ) (32 -252 88 ) (22.209482 -252 88 ) 
4 139 149 (27.309023 -244.744766 88 ) (29.147594 -242.130249 88 ) (29.147594 -242.130249 64 ) (27.309023 -244.744766 64 ) 
4 139 148 (29.147594 -242.130249 88 ) (32 -238.074005 88 ) (32 -238.074005 64 ) (29.147594 -242.130249 64 ) 
4 139 140 (22.207031 -252 64 ) (22.207031 -252 88 ) (24.045954 -249.384979 88 ) (24.045954 -249.384979 64 ) 
4 140 151 (18.970415 -252 64 ) (22.209482 -252 64 ) (22.209482 -252 88 ) (18.970415 -252 88 ) 
4 141 154 (0 -64 64 ) (0 -224.919861 64 ) (0 -224.919861 88 ) (0 -64 88 ) 
4 141 150 (24.817091 -230.921875 88 ) (21.672308 -230.161346 88 ) (21.672310 -230.161346 64 ) (24.817093 -230.921875 64 ) 
4 141 148 (32 -232.658981 64 ) (32 -232.658981 88 ) (24.817091 -230.921875 88 ) (24.817093 -230.921875 64 ) 
4 141 147 (16.101608 -228.814117 88 ) (12.955847 -228.053345 88 ) (12.955847 -228.053345 64 ) (16.101608 -228.814117 64 ) 
4 141 146 (12.955847 -228.053345 88 ) (8.876539 -227.066803 88 ) (8.876539 -227.066803 64 ) (12.955847 -228.053345 64 ) 
4 141 145 (8.876539 -227.066803 88 ) (2.517723 -225.528992 88 ) (2.517724 -225.528992 64 ) (8.876539 -227.066803 64 ) 
4 141 144 (2.517723 -225.528992 88 ) (0 -224.920105 88 ) (0 -224.920105 64 ) (2.517724 -225.528992 64 ) 
4 142 154 (0 -245.181763 64 ) (0 -252 64 ) (0 -252 88 ) (0 -245.181763 88 ) 
4 142 151 (0 -252 64 ) (13.233807 -252 64 ) (13.233808 -252 88 ) (0 -252 88 ) 
4 142 143 (0 -245.182495 88 ) (8.155170 -249.384171 88 ) (8.155182 -249.384186 64 ) (0 -245.182510 64 ) 
4 143 154 (0 -237.787262 64 ) (0 -245.181763 64 ) (0 -245.181763 88 ) (0 -237.787262 88 ) 
4 143 144 (4.895586 -244.748703 64 ) (0 -237.786865 64 ) (0 -237.786865 88 ) (4.895586 -244.748703 88 ) 
4 144 154 (0 -224.919861 64 ) (0 -237.787262 64 ) (0 -237.787262 88 ) (0 -224.919861 88 ) 
4 144 145 (4.204372 -239.159424 64 ) (2.518005 -225.528061 64 ) (2.518005 -225.528061 88 ) (4.204372 -239.159424 88 ) 
4 145 146 (6.236474 -233.896652 64 ) (8.875366 -227.066391 64 ) (8.875366 -227.066391 88 ) (6.236474 -233.896652 88 ) 
4 146 147 (10.530283 -230.161453 64 ) (12.956075 -228.051849 64 ) (12.956075 -228.051849 88 ) (10.530283 -230.161453 88 ) 
4 148 150 (24.815802 -230.921326 88 ) (24.815802 -230.921326 64 ) (25.964186 -233.893585 64 ) (25.964186 -233.893585 88 ) 
4 148 149 (28 -239.162064 64 ) (29.147787 -242.133453 64 ) (29.147787 -242.133453 88 ) (28 -239.162064 88 ) 
4 151 154 (0 -252 64 ) (0 -384 64 ) (0 -384 168 ) (0 -252 168 ) 
4 151 152 (0 -384 64 ) (32 -384 64 ) (32 -384 144 ) (0 -384 144 ) 
4 152 155 (0 -384 64 ) (0 -400 64 ) (0 -400 144 ) (0 -384 144 ) 
4 154 155 (-32 -384 64 ) (0 -384 64 ) (0 -384 144 ) (-32 -384 144 ) 
